[debug] [2019-03-25T20:35:08.650Z] ----------------------------------------------------------------------
[debug] [2019-03-25T20:35:08.652Z] Command:       /usr/local/bin/node /usr/local/bin/firebase init
[debug] [2019-03-25T20:35:08.652Z] CLI Version:   6.5.0
[debug] [2019-03-25T20:35:08.652Z] Platform:      darwin
[debug] [2019-03-25T20:35:08.652Z] Node Version:  v10.15.0
[debug] [2019-03-25T20:35:08.653Z] Time:          Mon Mar 25 2019 21:35:08 GMT+0100 (Central European Standard Time)
[debug] [2019-03-25T20:35:08.653Z] ----------------------------------------------------------------------
[debug] 
[debug] [2019-03-25T20:35:08.660Z] > command requires scopes: ["email","openid","https://www.googleapis.com/auth/cloudplatformprojects.readonly","https://www.googleapis.com/auth/firebase","https://www.googleapis.com/auth/cloud-platform"]
[debug] [2019-03-25T20:35:08.661Z] > authorizing via signed-in user
[info] 
     ######## #### ########  ######## ########     ###     ######  ########
     ##        ##  ##     ## ##       ##     ##  ##   ##  ##       ##
     ######    ##  ########  ######   ########  #########  ######  ######
     ##        ##  ##    ##  ##       ##     ## ##     ##       ## ##
     ##       #### ##     ## ######## ########  ##     ##  ######  ########

You're about to initialize a Firebase project in this directory:

  /Users/jordannique/Desktop/test/MixxQueTuVeux

Before we get started, keep in mind:

  * You are initializing in an existing Firebase project directory

